[2015-08-27 21:54:33] START
[2015-08-27 21:54:33] EDIT chaospatinnen/views/default/index.html: 0
[2015-08-27 21:56:43] EDIT chaospatinnen/views/default/index.html: 0
[2015-08-27 21:57:35] EDIT chaospatinnen/views/default/index.html: 0
[2015-08-27 22:01:07] EDIT chaospatinnen/views/layout.html: 0
[2015-08-27 22:02:36] EDIT chaospatinnen/views/layout.html: 0
[2015-08-27 22:03:14] EDIT chaospatinnen/models/0.py: 1
[2015-08-27 22:04:19] EDIT chaospatinnen/models/0.py: 0
[2015-08-27 22:04:27] EDIT chaospatinnen/models/0.py: 0
[2015-08-27 22:07:03] EDIT chaospatinnen/models/0.py: 0
[2015-08-27 22:07:39] EDIT chaospatinnen/models/0.py: 0
[2015-08-27 22:10:16] EDIT chaospatinnen/models/0.py: 0
[2015-08-27 22:47:23] DELETE chaospatinnen/languages/ar.py: -200
[2015-08-27 22:47:28] DELETE chaospatinnen/languages/ca.py: -496
[2015-08-27 22:47:33] DELETE chaospatinnen/languages/es.py: -452
[2015-08-27 22:47:38] DELETE chaospatinnen/languages/fr.py: -211
[2015-08-27 22:47:49] DELETE chaospatinnen/languages/cs.py: -500
[2015-08-27 22:47:55] DELETE chaospatinnen/languages/fr-ca.py: -216
[2015-08-27 23:04:30] EDIT chaospatinnen/views/default/index.html: 1
[2015-08-27 23:06:38] EDIT chaospatinnen/views/default/index.html: 0
[2015-08-27 23:11:32] EDIT chaospatinnen/views/default/index.html: 0
[2015-08-27 23:13:54] EDIT chaospatinnen/views/default/index.html: 0
[2015-08-27 23:20:29] EDIT chaospatinnen/views/default/index.html: 2
[2015-08-27 23:33:05] EDIT chaospatinnen/models/0.py: 3
[2015-08-27 23:34:37] EDIT chaospatinnen/views/layout.html: 0
[2015-08-27 23:36:19] EDIT chaospatinnen/views/layout.html: 0
[2015-08-27 23:36:36] EDIT chaospatinnen/views/layout.html: 0
[2015-08-27 23:37:23] EDIT chaospatinnen/views/layout.html: 0
[2015-08-27 23:37:28] EDIT chaospatinnen/views/layout.html: 0
[2015-08-27 23:38:28] EDIT chaospatinnen/models/0.py: 1
[2015-08-27 23:38:43] EDIT chaospatinnen/models/0.py: 0
[2015-08-27 23:39:21] EDIT chaospatinnen/views/layout.html: 0
[2015-08-27 23:39:28] EDIT chaospatinnen/models/0.py: 0
[2015-08-27 23:39:50] EDIT chaospatinnen/models/0.py: 0
[2015-08-28 00:00:06] CREATE app_db.py: 0
[2015-08-28 00:11:12] EDIT chaospatinnen/models/app_db.py: 1
[2015-08-28 00:13:55] EDIT chaospatinnen/models/my_db.py: 0
